<?xml version="1.0" encoding="UTF-8"?>
<testsuites name="New Test Suite" time="1.111" tests="1" failures="0" errors="0">
   <testsuite name="New Test Suite" tests="1" failures="0" errors="0" time="1.111" skipped="0" timestamp="2023-08-03 16:15:28" hostname="dominiquemereaux - airdedominique.lan" id="Test Suites/New Test Suite">
      <properties>
         <property name="deviceName" value=""/>
         <property name="devicePlatform" value=""/>
         <property name="logFolder" value="/Users/dominiquemereaux/git/testWebView/Reports/20230803_161524/New Test Suite/20230803_161524"/>
         <property name="logFiles" value="/Users/dominiquemereaux/git/testWebView/Reports/20230803_161524/New Test Suite/20230803_161524/execution0.log"/>
         <property name="attachments" value=""/>
         <property name="hostName" value="dominiquemereaux - airdedominique.lan"/>
         <property name="hostAddress" value="192.168.1.34"/>
         <property name="os" value="Mac OS X 64bit"/>
         <property name="katalonVersion" value="8.5.4.208"/>
      </properties>
      <testcase name="Test Cases/TC1" time="0.507" classname="Test Cases/TC1" status="PASSED">
         <system-out><![CDATA[2023-08-03 16:15:29 - [TEST_CASE][PASSED] - Test Cases/TC1: Test Cases/TC1

2023-08-03 16:15:30 - [TEST_STEP][PASSED] - return null: null]]></system-out>
         <system-err><![CDATA[]]></system-err>
      </testcase>
      <system-out><![CDATA[2023-08-03 16:15:28 - [TEST_SUITE][PASSED] - New Test Suite: Test Cases/TC1]]></system-out>
      <system-err><![CDATA[]]></system-err>
   </testsuite>
</testsuites>
